$ storybook build --output-dir /var/folders/7h/gm1flmbs6h38d0yjvmwbl3s572wry9/T/chromatic--4562-OM8XyRJQDo1x
@storybook/cli v7.0.6

info => Cleaning outputDir: /var/folders/7h/gm1flmbs6h38d0yjvmwbl3s572wry9/T/chromatic--4562-OM8XyRJQDo1x
info => Loading presets
info => Building manager..
info => Manager built (212 ms)
info => Copying static files: /Users/freddy.munive/Documents/GitHub/taskbox2/node_modules/@storybook/manager/static at /var/folders/7h/gm1flmbs6h38d0yjvmwbl3s572wry9/T/chromatic--4562-OM8XyRJQDo1x/sb-common-assets
info => Copying static files: /Users/freddy.munive/Documents/GitHub/taskbox2/public at /var/folders/7h/gm1flmbs6h38d0yjvmwbl3s572wry9/T/chromatic--4562-OM8XyRJQDo1x/
vite v4.2.2 building for production...

./sb-common-assets/fonts.css doesn't exist at build time, it will remain unchanged to be resolved at runtime
transforming...
Use of eval in "node_modules/telejson/dist/index.mjs" is strongly discouraged as it poses security risks and may cause issues with minification.
Use of eval in "node_modules/telejson/dist/index.mjs" is strongly discouraged as it poses security risks and may cause issues with minification.
✓ 626 modules transformed.
rendering chunks...
warnings when minifying css:
▲ [WARNING] CSS nesting syntax is not supported in the configured target environment ("chrome87", "edge88", "es2020", "firefox78", "safari14") [unsupported-css-nesting]

    <stdin>:36:2:
      36 │   *vertical-align: middle;
         ╵   ^


▲ [WARNING] Expected identifier but found whitespace [css-syntax-error]

    <stdin>:36:18:
      36 │   *vertical-align: middle;
         ╵                   ^


▲ [WARNING] Unexpected ";" [css-syntax-error]

    <stdin>:36:25:
      36 │   *vertical-align: middle;
         ╵                          ^


computing gzip size...
../../../../../var/folders/7h/gm1flmbs6h38d0yjvmwbl3s572wry9/T/chromatic--4562-OM8XyRJQDo1x/iframe.html                                          12.58 kB
../../../../../var/folders/7h/gm1flmbs6h38d0yjvmwbl3s572wry9/T/chromatic--4562-OM8XyRJQDo1x/assets/percolate-dac75269.ttf                        34.04 kB
../../../../../var/folders/7h/gm1flmbs6h38d0yjvmwbl3s572wry9/T/chromatic--4562-OM8XyRJQDo1x/assets/percolate-ec979d96.woff                       34.11 kB
../../../../../var/folders/7h/gm1flmbs6h38d0yjvmwbl3s572wry9/T/chromatic--4562-OM8XyRJQDo1x/assets/percolate-5ed633c2.eot                        34.21 kB
../../../../../var/folders/7h/gm1flmbs6h38d0yjvmwbl3s572wry9/T/chromatic--4562-OM8XyRJQDo1x/assets/percolate-d13fa91b.svg                       140.51 kB
../../../../../var/folders/7h/gm1flmbs6h38d0yjvmwbl3s572wry9/T/chromatic--4562-OM8XyRJQDo1x/assets/preview-7623e708.css                           6.91 kB │ gzip:   2.07 kB
../../../../../var/folders/7h/gm1flmbs6h38d0yjvmwbl3s572wry9/T/chromatic--4562-OM8XyRJQDo1x/assets/preview-35f821ef.js                            0.19 kB │ gzip:   0.19 kB │ map:     0.73 kB
../../../../../var/folders/7h/gm1flmbs6h38d0yjvmwbl3s572wry9/T/chromatic--4562-OM8XyRJQDo1x/assets/index-d475d2ea.js                              0.21 kB │ gzip:   0.17 kB │ map:     0.84 kB
../../../../../var/folders/7h/gm1flmbs6h38d0yjvmwbl3s572wry9/T/chromatic--4562-OM8XyRJQDo1x/assets/WithTooltip-FBT32F6Q-13b96401.js               0.50 kB │ gzip:   0.30 kB │ map:     0.11 kB
../../../../../var/folders/7h/gm1flmbs6h38d0yjvmwbl3s572wry9/T/chromatic--4562-OM8XyRJQDo1x/assets/syntaxhighlighter-QTQ2UBB4-32924d09.js         0.52 kB │ gzip:   0.33 kB │ map:     0.12 kB
../../../../../var/folders/7h/gm1flmbs6h38d0yjvmwbl3s572wry9/T/chromatic--4562-OM8XyRJQDo1x/assets/index-6d7aa4ee.js                              0.62 kB │ gzip:   0.38 kB │ map:     4.29 kB
../../../../../var/folders/7h/gm1flmbs6h38d0yjvmwbl3s572wry9/T/chromatic--4562-OM8XyRJQDo1x/assets/preview-0435c720.js                            0.69 kB │ gzip:   0.49 kB │ map:     3.84 kB
../../../../../var/folders/7h/gm1flmbs6h38d0yjvmwbl3s572wry9/T/chromatic--4562-OM8XyRJQDo1x/assets/_commonjsHelpers-042e6b4d.js                   0.78 kB │ gzip:   0.44 kB │ map:     0.11 kB
../../../../../var/folders/7h/gm1flmbs6h38d0yjvmwbl3s572wry9/T/chromatic--4562-OM8XyRJQDo1x/assets/preview-c7edfac5.js                            0.78 kB │ gzip:   0.48 kB │ map:     1.27 kB
../../../../../var/folders/7h/gm1flmbs6h38d0yjvmwbl3s572wry9/T/chromatic--4562-OM8XyRJQDo1x/assets/index-4d501b15.js                              0.80 kB │ gzip:   0.52 kB │ map:     4.12 kB
../../../../../var/folders/7h/gm1flmbs6h38d0yjvmwbl3s572wry9/T/chromatic--4562-OM8XyRJQDo1x/assets/index-356e4a49.js                              0.81 kB │ gzip:   0.51 kB │ map:     3.27 kB
../../../../../var/folders/7h/gm1flmbs6h38d0yjvmwbl3s572wry9/T/chromatic--4562-OM8XyRJQDo1x/assets/preview-b1164a2e.js                            0.88 kB │ gzip:   0.58 kB │ map:     2.83 kB
../../../../../var/folders/7h/gm1flmbs6h38d0yjvmwbl3s572wry9/T/chromatic--4562-OM8XyRJQDo1x/assets/preview-83dbddf6.js                            1.06 kB │ gzip:   0.69 kB │ map:     3.14 kB
../../../../../var/folders/7h/gm1flmbs6h38d0yjvmwbl3s572wry9/T/chromatic--4562-OM8XyRJQDo1x/assets/preview-bb5acd95.js                            2.38 kB │ gzip:   1.26 kB │ map:    10.35 kB
../../../../../var/folders/7h/gm1flmbs6h38d0yjvmwbl3s572wry9/T/chromatic--4562-OM8XyRJQDo1x/assets/index-d37d4223.js                              2.63 kB │ gzip:   1.30 kB │ map:     7.47 kB
../../../../../var/folders/7h/gm1flmbs6h38d0yjvmwbl3s572wry9/T/chromatic--4562-OM8XyRJQDo1x/assets/preview-f96f0111.js                            3.29 kB │ gzip:   1.41 kB │ map:    10.11 kB
../../../../../var/folders/7h/gm1flmbs6h38d0yjvmwbl3s572wry9/T/chromatic--4562-OM8XyRJQDo1x/assets/Task.stories-ef4339b0.js                       3.75 kB │ gzip:   1.60 kB │ map:     5.05 kB
../../../../../var/folders/7h/gm1flmbs6h38d0yjvmwbl3s572wry9/T/chromatic--4562-OM8XyRJQDo1x/assets/iframe-88612009.js                             4.38 kB │ gzip:   1.63 kB │ map:     5.41 kB
../../../../../var/folders/7h/gm1flmbs6h38d0yjvmwbl3s572wry9/T/chromatic--4562-OM8XyRJQDo1x/assets/index-f1f749bf.js                              7.25 kB │ gzip:   2.96 kB │ map:    15.71 kB
../../../../../var/folders/7h/gm1flmbs6h38d0yjvmwbl3s572wry9/T/chromatic--4562-OM8XyRJQDo1x/assets/preview-62235626.js                            7.69 kB │ gzip:   1.60 kB │ map:    13.72 kB
../../../../../var/folders/7h/gm1flmbs6h38d0yjvmwbl3s572wry9/T/chromatic--4562-OM8XyRJQDo1x/assets/preview-e6f1f377.js                            7.97 kB │ gzip:   3.03 kB │ map:    28.20 kB
../../../../../var/folders/7h/gm1flmbs6h38d0yjvmwbl3s572wry9/T/chromatic--4562-OM8XyRJQDo1x/assets/GlobalScrollAreaStyles-XIHNDKUY-acad2a05.js   10.48 kB │ gzip:   2.38 kB │ map:    15.72 kB
../../../../../var/folders/7h/gm1flmbs6h38d0yjvmwbl3s572wry9/T/chromatic--4562-OM8XyRJQDo1x/assets/preview-643ac584.js                           21.08 kB │ gzip:   6.99 kB │ map:    68.04 kB
../../../../../var/folders/7h/gm1flmbs6h38d0yjvmwbl3s572wry9/T/chromatic--4562-OM8XyRJQDo1x/assets/Color-3YIJY6X7-20f6185f.js                    31.06 kB │ gzip:  11.67 kB │ map:   112.57 kB
../../../../../var/folders/7h/gm1flmbs6h38d0yjvmwbl3s572wry9/T/chromatic--4562-OM8XyRJQDo1x/assets/TaskList.stories-5d9843b8.js                  39.92 kB │ gzip:  13.73 kB │ map:   233.94 kB
../../../../../var/folders/7h/gm1flmbs6h38d0yjvmwbl3s572wry9/T/chromatic--4562-OM8XyRJQDo1x/assets/OverlayScrollbars-VAV6LJAB-78c1e25a.js        59.06 kB │ gzip:  25.33 kB │ map:   277.22 kB
../../../../../var/folders/7h/gm1flmbs6h38d0yjvmwbl3s572wry9/T/chromatic--4562-OM8XyRJQDo1x/assets/_getPrototype-ad889add.js                     78.82 kB │ gzip:  23.65 kB │ map:   326.92 kB
../../../../../var/folders/7h/gm1flmbs6h38d0yjvmwbl3s572wry9/T/chromatic--4562-OM8XyRJQDo1x/assets/index-96c5f47c.js                            134.19 kB │ gzip:  43.27 kB │ map:   326.74 kB
../../../../../var/folders/7h/gm1flmbs6h38d0yjvmwbl3s572wry9/T/chromatic--4562-OM8XyRJQDo1x/assets/config-c5897f1e.js                           213.66 kB │ gzip:  66.39 kB │ map:   803.01 kB
../../../../../var/folders/7h/gm1flmbs6h38d0yjvmwbl3s572wry9/T/chromatic--4562-OM8XyRJQDo1x/assets/DocsRenderer-7FRJXR4N-8dbbe9e6.js            504.65 kB │ gzip: 166.14 kB │ map: 1,436.60 kB
../../../../../var/folders/7h/gm1flmbs6h38d0yjvmwbl3s572wry9/T/chromatic--4562-OM8XyRJQDo1x/assets/axe-41d76881.js                              535.59 kB │ gzip: 146.90 kB │ map: 1,918.42 kB
../../../../../var/folders/7h/gm1flmbs6h38d0yjvmwbl3s572wry9/T/chromatic--4562-OM8XyRJQDo1x/assets/formatter-S4K5WUZV-0ba9d4a9.js               601.71 kB │ gzip: 185.07 kB │ map: 1,315.98 kB

(!) Some chunks are larger than 500 kBs after minification. Consider:
- Using dynamic import() to code-split the application
- Use build.rollupOptions.output.manualChunks to improve chunking: https://rollupjs.org/configuration-options/#output-manualchunks
- Adjust chunk size limit for this warning via build.chunkSizeWarningLimit.
✓ built in 12.39s
info => Output directory: /var/folders/7h/gm1flmbs6h38d0yjvmwbl3s572wry9/T/chromatic--4562-OM8XyRJQDo1x
